2014-08-23 18:26:52 Error: [PDOException] SQLSTATE[23000]: Integrity constraint violation: 1062 Duplicate entry '0' for key 'PRIMARY'
Request URL: /roles/add
Stack Trace:
#0 /var/www/cakephp.local/lib/Cake/Model/Datasource/DboSource.php(458): PDOStatement->execute(Array)
#1 /var/www/cakephp.local/lib/Cake/Model/Datasource/DboSource.php(424): DboSource->_execute('INSERT INTO `db...', Array)
#2 /var/www/cakephp.local/lib/Cake/Model/Datasource/DboSource.php(1012): DboSource->execute('INSERT INTO `db...')
#3 /var/www/cakephp.local/lib/Cake/Model/Model.php(1850): DboSource->create(Object(Role), Array, Array)
#4 /var/www/cakephp.local/app/Controller/RolesController.php(51): Model->save(Array)
#5 [internal function]: RolesController->add()
#6 /var/www/cakephp.local/lib/Cake/Controller/Controller.php(490): ReflectionMethod->invokeArgs(Object(RolesController), Array)
#7 /var/www/cakephp.local/lib/Cake/Routing/Dispatcher.php(191): Controller->invokeAction(Object(CakeRequest))
#8 /var/www/cakephp.local/lib/Cake/Routing/Dispatcher.php(165): Dispatcher->_invoke(Object(RolesController), Object(CakeRequest))
#9 /var/www/cakephp.local/app/webroot/index.php(108): Dispatcher->dispatch(Object(CakeRequest), Object(CakeResponse))
#10 {main}
2014-08-23 18:27:24 Error: [PDOException] SQLSTATE[23000]: Integrity constraint violation: 1062 Duplicate entry '0' for key 'PRIMARY'
Request URL: /roles/add
Stack Trace:
#0 /var/www/cakephp.local/lib/Cake/Model/Datasource/DboSource.php(458): PDOStatement->execute(Array)
#1 /var/www/cakephp.local/lib/Cake/Model/Datasource/DboSource.php(424): DboSource->_execute('INSERT INTO `db...', Array)
#2 /var/www/cakephp.local/lib/Cake/Model/Datasource/DboSource.php(1012): DboSource->execute('INSERT INTO `db...')
#3 /var/www/cakephp.local/lib/Cake/Model/Model.php(1850): DboSource->create(Object(Role), Array, Array)
#4 /var/www/cakephp.local/app/Controller/RolesController.php(51): Model->save(Array)
#5 [internal function]: RolesController->add()
#6 /var/www/cakephp.local/lib/Cake/Controller/Controller.php(490): ReflectionMethod->invokeArgs(Object(RolesController), Array)
#7 /var/www/cakephp.local/lib/Cake/Routing/Dispatcher.php(191): Controller->invokeAction(Object(CakeRequest))
#8 /var/www/cakephp.local/lib/Cake/Routing/Dispatcher.php(165): Dispatcher->_invoke(Object(RolesController), Object(CakeRequest))
#9 /var/www/cakephp.local/app/webroot/index.php(108): Dispatcher->dispatch(Object(CakeRequest), Object(CakeResponse))
#10 {main}
2014-08-25 19:15:44 Error: Fatal Error (1): Call to a member function find() on a non-object in [/var/www/cakephp.local/app/Controller/UsersController.php, line 59]
2014-08-25 19:15:44 Error: [FatalErrorException] Call to a member function find() on a non-object
Request URL: /users/add
Stack Trace:
#0 /var/www/cakephp.local/lib/Cake/Error/ErrorHandler.php(203): ErrorHandler::handleFatalError(1, 'Call to a membe...', '/var/www/cakeph...', 59)
#1 [internal function]: ErrorHandler::handleError(1, 'Call to a membe...', '/var/www/cakeph...', 59, Array)
#2 /var/www/cakephp.local/lib/Cake/Core/App.php(931): call_user_func('ErrorHandler::h...', 1, 'Call to a membe...', '/var/www/cakeph...', 59, Array)
#3 /var/www/cakephp.local/lib/Cake/Core/App.php(904): App::_checkFatalError()
#4 [internal function]: App::shutdown()
#5 {main}
2014-08-25 19:16:15 Error: Fatal Error (1): Call to a member function find() on a non-object in [/var/www/cakephp.local/app/Controller/UsersController.php, line 59]
2014-08-25 19:16:15 Error: [FatalErrorException] Call to a member function find() on a non-object
Request URL: /users/add
Stack Trace:
#0 /var/www/cakephp.local/lib/Cake/Error/ErrorHandler.php(203): ErrorHandler::handleFatalError(1, 'Call to a membe...', '/var/www/cakeph...', 59)
#1 [internal function]: ErrorHandler::handleError(1, 'Call to a membe...', '/var/www/cakeph...', 59, Array)
#2 /var/www/cakephp.local/lib/Cake/Core/App.php(931): call_user_func('ErrorHandler::h...', 1, 'Call to a membe...', '/var/www/cakeph...', 59, Array)
#3 /var/www/cakephp.local/lib/Cake/Core/App.php(904): App::_checkFatalError()
#4 [internal function]: App::shutdown()
#5 {main}
2014-08-26 20:12:22 Error: [MissingControllerException] Controller class AnswersController could not be found.
Exception Attributes: array (
  'class' => 'AnswersController',
  'plugin' => NULL,
)
Request URL: /answers
Stack Trace:
#0 /var/www/cakephp.local/app/webroot/index.php(108): Dispatcher->dispatch(Object(CakeRequest), Object(CakeResponse))
#1 {main}
2014-08-26 23:10:38 Error: Fatal Error (1): Call to undefined method UsersController::query() in [/var/www/cakephp.local/app/Controller/UsersController.php, line 62]
2014-08-26 23:10:38 Error: [FatalErrorException] Call to undefined method UsersController::query()
Request URL: /users/add
Stack Trace:
#0 /var/www/cakephp.local/lib/Cake/Error/ErrorHandler.php(203): ErrorHandler::handleFatalError(1, 'Call to undefin...', '/var/www/cakeph...', 62)
#1 [internal function]: ErrorHandler::handleError(1, 'Call to undefin...', '/var/www/cakeph...', 62, Array)
#2 /var/www/cakephp.local/lib/Cake/Core/App.php(931): call_user_func('ErrorHandler::h...', 1, 'Call to undefin...', '/var/www/cakeph...', 62, Array)
#3 /var/www/cakephp.local/lib/Cake/Core/App.php(904): App::_checkFatalError()
#4 [internal function]: App::shutdown()
#5 {main}
2014-08-26 23:33:52 Error: [MissingControllerException] Controller class JsController could not be found.
Exception Attributes: array (
  'class' => 'JsController',
  'plugin' => NULL,
)
Request URL: /js/jquery.js
Stack Trace:
#0 /var/www/cakephp.local/app/webroot/index.php(108): Dispatcher->dispatch(Object(CakeRequest), Object(CakeResponse))
#1 {main}
2014-08-30 00:55:11 Error: [MissingControllerException] Controller class JsController could not be found.
Exception Attributes: array (
  'class' => 'JsController',
  'plugin' => NULL,
)
Request URL: /js/jquery.js
Stack Trace:
#0 /var/www/cakephp.local/app/webroot/index.php(108): Dispatcher->dispatch(Object(CakeRequest), Object(CakeResponse))
#1 {main}
2014-08-30 00:55:20 Error: [MissingControllerException] Controller class JsController could not be found.
Exception Attributes: array (
  'class' => 'JsController',
  'plugin' => NULL,
)
Request URL: /js/jquery.js
Stack Trace:
#0 /var/www/cakephp.local/app/webroot/index.php(108): Dispatcher->dispatch(Object(CakeRequest), Object(CakeResponse))
#1 {main}
2014-08-30 00:55:23 Error: [MissingControllerException] Controller class JsController could not be found.
Exception Attributes: array (
  'class' => 'JsController',
  'plugin' => NULL,
)
Request URL: /js/jquery.js
Stack Trace:
#0 /var/www/cakephp.local/app/webroot/index.php(108): Dispatcher->dispatch(Object(CakeRequest), Object(CakeResponse))
#1 {main}
2014-08-30 00:55:26 Error: [MissingControllerException] Controller class JsController could not be found.
Exception Attributes: array (
  'class' => 'JsController',
  'plugin' => NULL,
)
Request URL: /js/jquery.js
Stack Trace:
#0 /var/www/cakephp.local/app/webroot/index.php(108): Dispatcher->dispatch(Object(CakeRequest), Object(CakeResponse))
#1 {main}
2014-08-30 00:56:41 Error: [MissingControllerException] Controller class JsController could not be found.
Exception Attributes: array (
  'class' => 'JsController',
  'plugin' => NULL,
)
Request URL: /js/jquery.js
Stack Trace:
#0 /var/www/cakephp.local/app/webroot/index.php(108): Dispatcher->dispatch(Object(CakeRequest), Object(CakeResponse))
#1 {main}
2014-08-30 00:56:59 Error: [MissingControllerException] Controller class JsController could not be found.
Exception Attributes: array (
  'class' => 'JsController',
  'plugin' => NULL,
)
Request URL: /js/jquery.js
Stack Trace:
#0 /var/www/cakephp.local/app/webroot/index.php(108): Dispatcher->dispatch(Object(CakeRequest), Object(CakeResponse))
#1 {main}
2014-08-30 00:57:12 Error: [MissingControllerException] Controller class JsController could not be found.
Exception Attributes: array (
  'class' => 'JsController',
  'plugin' => NULL,
)
Request URL: /js/jquery.js
Stack Trace:
#0 /var/www/cakephp.local/app/webroot/index.php(108): Dispatcher->dispatch(Object(CakeRequest), Object(CakeResponse))
#1 {main}
2014-08-30 00:57:23 Error: [MissingControllerException] Controller class JsController could not be found.
Exception Attributes: array (
  'class' => 'JsController',
  'plugin' => NULL,
)
Request URL: /js/jquery.js
Stack Trace:
#0 /var/www/cakephp.local/app/webroot/index.php(108): Dispatcher->dispatch(Object(CakeRequest), Object(CakeResponse))
#1 {main}
2014-08-30 00:57:35 Error: [MissingControllerException] Controller class JsController could not be found.
Exception Attributes: array (
  'class' => 'JsController',
  'plugin' => NULL,
)
Request URL: /js/jquery.js
Stack Trace:
#0 /var/www/cakephp.local/app/webroot/index.php(108): Dispatcher->dispatch(Object(CakeRequest), Object(CakeResponse))
#1 {main}
2014-08-30 00:58:22 Error: [MissingControllerException] Controller class JsController could not be found.
Exception Attributes: array (
  'class' => 'JsController',
  'plugin' => NULL,
)
Request URL: /js/jquery.js
Stack Trace:
#0 /var/www/cakephp.local/app/webroot/index.php(108): Dispatcher->dispatch(Object(CakeRequest), Object(CakeResponse))
#1 {main}
2014-08-30 01:05:11 Error: [MissingControllerException] Controller class JsController could not be found.
Exception Attributes: array (
  'class' => 'JsController',
  'plugin' => NULL,
)
Request URL: /js/jquery.js
Stack Trace:
#0 /var/www/cakephp.local/app/webroot/index.php(108): Dispatcher->dispatch(Object(CakeRequest), Object(CakeResponse))
#1 {main}
2014-08-30 01:05:20 Error: [MissingControllerException] Controller class JsController could not be found.
Exception Attributes: array (
  'class' => 'JsController',
  'plugin' => NULL,
)
Request URL: /js/jquery.js
Stack Trace:
#0 /var/www/cakephp.local/app/webroot/index.php(108): Dispatcher->dispatch(Object(CakeRequest), Object(CakeResponse))
#1 {main}
2014-08-30 01:05:26 Error: [MissingControllerException] Controller class JsController could not be found.
Exception Attributes: array (
  'class' => 'JsController',
  'plugin' => NULL,
)
Request URL: /js/jquery.js
Stack Trace:
#0 /var/www/cakephp.local/app/webroot/index.php(108): Dispatcher->dispatch(Object(CakeRequest), Object(CakeResponse))
#1 {main}
2014-08-30 01:06:24 Error: [MissingControllerException] Controller class JsController could not be found.
Exception Attributes: array (
  'class' => 'JsController',
  'plugin' => NULL,
)
Request URL: /js/jquery.js
Stack Trace:
#0 /var/www/cakephp.local/app/webroot/index.php(108): Dispatcher->dispatch(Object(CakeRequest), Object(CakeResponse))
#1 {main}
2014-08-30 01:06:27 Error: [MissingControllerException] Controller class JsController could not be found.
Exception Attributes: array (
  'class' => 'JsController',
  'plugin' => NULL,
)
Request URL: /js/jquery.js
Stack Trace:
#0 /var/www/cakephp.local/app/webroot/index.php(108): Dispatcher->dispatch(Object(CakeRequest), Object(CakeResponse))
#1 {main}
2014-08-30 01:06:46 Error: [MissingControllerException] Controller class JsController could not be found.
Exception Attributes: array (
  'class' => 'JsController',
  'plugin' => NULL,
)
Request URL: /js/jquery.js
Stack Trace:
#0 /var/www/cakephp.local/app/webroot/index.php(108): Dispatcher->dispatch(Object(CakeRequest), Object(CakeResponse))
#1 {main}
2014-08-30 01:06:51 Error: [MissingControllerException] Controller class JsController could not be found.
Exception Attributes: array (
  'class' => 'JsController',
  'plugin' => NULL,
)
Request URL: /js/jquery.js
Stack Trace:
#0 /var/www/cakephp.local/app/webroot/index.php(108): Dispatcher->dispatch(Object(CakeRequest), Object(CakeResponse))
#1 {main}
2014-08-30 01:06:54 Error: [MissingControllerException] Controller class JsController could not be found.
Exception Attributes: array (
  'class' => 'JsController',
  'plugin' => NULL,
)
Request URL: /js/jquery.js
Stack Trace:
#0 /var/www/cakephp.local/app/webroot/index.php(108): Dispatcher->dispatch(Object(CakeRequest), Object(CakeResponse))
#1 {main}
2014-08-30 01:07:13 Error: [MissingActionException] Action UsersController::login() could not be found.
Exception Attributes: array (
  'controller' => 'UsersController',
  'action' => 'login',
)
Request URL: /users/login
Stack Trace:
#0 /var/www/cakephp.local/lib/Cake/Routing/Dispatcher.php(191): Controller->invokeAction(Object(CakeRequest))
#1 /var/www/cakephp.local/lib/Cake/Routing/Dispatcher.php(165): Dispatcher->_invoke(Object(UsersController), Object(CakeRequest))
#2 /var/www/cakephp.local/app/webroot/index.php(108): Dispatcher->dispatch(Object(CakeRequest), Object(CakeResponse))
#3 {main}
2014-08-30 01:07:13 Error: [MissingControllerException] Controller class JsController could not be found.
Exception Attributes: array (
  'class' => 'JsController',
  'plugin' => NULL,
)
Request URL: /js/jquery.js
Stack Trace:
#0 /var/www/cakephp.local/app/webroot/index.php(108): Dispatcher->dispatch(Object(CakeRequest), Object(CakeResponse))
#1 {main}
2014-08-30 01:08:57 Error: [MissingActionException] Action UsersController::login() could not be found.
Exception Attributes: array (
  'controller' => 'UsersController',
  'action' => 'login',
)
Request URL: /users/login
Stack Trace:
#0 /var/www/cakephp.local/lib/Cake/Routing/Dispatcher.php(191): Controller->invokeAction(Object(CakeRequest))
#1 /var/www/cakephp.local/lib/Cake/Routing/Dispatcher.php(165): Dispatcher->_invoke(Object(UsersController), Object(CakeRequest))
#2 /var/www/cakephp.local/app/webroot/index.php(108): Dispatcher->dispatch(Object(CakeRequest), Object(CakeResponse))
#3 {main}
2014-08-30 01:08:57 Error: [MissingControllerException] Controller class JsController could not be found.
Exception Attributes: array (
  'class' => 'JsController',
  'plugin' => NULL,
)
Request URL: /js/jquery.js
Stack Trace:
#0 /var/www/cakephp.local/app/webroot/index.php(108): Dispatcher->dispatch(Object(CakeRequest), Object(CakeResponse))
#1 {main}
2014-08-30 01:38:47 Error: [MissingViewException] View file "/var/www/cakephp.local/app/View/Users/login.ctp" is missing.
Exception Attributes: array (
  'file' => '/var/www/cakephp.local/app/View/Users/login.ctp',
)
Request URL: /users/login
Stack Trace:
#0 /var/www/cakephp.local/lib/Cake/View/View.php(468): View->_getViewFileName(NULL)
#1 /var/www/cakephp.local/lib/Cake/Controller/Controller.php(954): View->render(NULL, NULL)
#2 /var/www/cakephp.local/lib/Cake/Routing/Dispatcher.php(198): Controller->render()
#3 /var/www/cakephp.local/lib/Cake/Routing/Dispatcher.php(165): Dispatcher->_invoke(Object(UsersController), Object(CakeRequest))
#4 /var/www/cakephp.local/app/webroot/index.php(108): Dispatcher->dispatch(Object(CakeRequest), Object(CakeResponse))
#5 {main}
2014-08-30 01:38:52 Error: [MissingControllerException] Controller class JsController could not be found.
Exception Attributes: array (
  'class' => 'JsController',
  'plugin' => NULL,
)
Request URL: /js/jquery.js
Stack Trace:
#0 /var/www/cakephp.local/app/webroot/index.php(108): Dispatcher->dispatch(Object(CakeRequest), Object(CakeResponse))
#1 {main}
2014-08-30 02:20:53 Error: [MissingControllerException] Controller class JsController could not be found.
Exception Attributes: array (
  'class' => 'JsController',
  'plugin' => NULL,
)
Request URL: /js/jquery.js
Stack Trace:
#0 /var/www/cakephp.local/app/webroot/index.php(108): Dispatcher->dispatch(Object(CakeRequest), Object(CakeResponse))
#1 {main}
2014-08-30 02:21:06 Error: [MissingControllerException] Controller class JsController could not be found.
Exception Attributes: array (
  'class' => 'JsController',
  'plugin' => NULL,
)
Request URL: /js/jquery.js
Stack Trace:
#0 /var/www/cakephp.local/app/webroot/index.php(108): Dispatcher->dispatch(Object(CakeRequest), Object(CakeResponse))
#1 {main}
2014-08-30 02:21:08 Error: [MissingControllerException] Controller class JsController could not be found.
Exception Attributes: array (
  'class' => 'JsController',
  'plugin' => NULL,
)
Request URL: /js/jquery.js
Stack Trace:
#0 /var/www/cakephp.local/app/webroot/index.php(108): Dispatcher->dispatch(Object(CakeRequest), Object(CakeResponse))
#1 {main}
2014-08-30 02:21:11 Error: [MissingControllerException] Controller class JsController could not be found.
Exception Attributes: array (
  'class' => 'JsController',
  'plugin' => NULL,
)
Request URL: /js/jquery.js
Stack Trace:
#0 /var/www/cakephp.local/app/webroot/index.php(108): Dispatcher->dispatch(Object(CakeRequest), Object(CakeResponse))
#1 {main}
2014-08-31 00:44:04 Error: [MissingControllerException] Controller class JsController could not be found.
Exception Attributes: array (
  'class' => 'JsController',
  'plugin' => NULL,
)
Request URL: /js/jquery.js
Stack Trace:
#0 /var/www/cakephp.local/app/webroot/index.php(108): Dispatcher->dispatch(Object(CakeRequest), Object(CakeResponse))
#1 {main}
2014-08-31 00:45:50 Error: [MissingControllerException] Controller class JsController could not be found.
Exception Attributes: array (
  'class' => 'JsController',
  'plugin' => NULL,
)
Request URL: /js/jquery.js
Stack Trace:
#0 /var/www/cakephp.local/app/webroot/index.php(108): Dispatcher->dispatch(Object(CakeRequest), Object(CakeResponse))
#1 {main}
2014-08-31 00:45:53 Error: [MissingControllerException] Controller class JsController could not be found.
Exception Attributes: array (
  'class' => 'JsController',
  'plugin' => NULL,
)
Request URL: /js/jquery.js
Stack Trace:
#0 /var/www/cakephp.local/app/webroot/index.php(108): Dispatcher->dispatch(Object(CakeRequest), Object(CakeResponse))
#1 {main}
2014-08-31 00:45:55 Error: [MissingControllerException] Controller class JsController could not be found.
Exception Attributes: array (
  'class' => 'JsController',
  'plugin' => NULL,
)
Request URL: /js/jquery.js
Stack Trace:
#0 /var/www/cakephp.local/app/webroot/index.php(108): Dispatcher->dispatch(Object(CakeRequest), Object(CakeResponse))
#1 {main}
2014-08-31 00:46:10 Error: [MissingControllerException] Controller class JsController could not be found.
Exception Attributes: array (
  'class' => 'JsController',
  'plugin' => NULL,
)
Request URL: /js/jquery.js
Stack Trace:
#0 /var/www/cakephp.local/app/webroot/index.php(108): Dispatcher->dispatch(Object(CakeRequest), Object(CakeResponse))
#1 {main}
2014-08-31 00:46:15 Error: [MissingControllerException] Controller class JsController could not be found.
Exception Attributes: array (
  'class' => 'JsController',
  'plugin' => NULL,
)
Request URL: /js/jquery.js
Stack Trace:
#0 /var/www/cakephp.local/app/webroot/index.php(108): Dispatcher->dispatch(Object(CakeRequest), Object(CakeResponse))
#1 {main}
2014-08-31 00:50:31 Error: [MissingControllerException] Controller class JsController could not be found.
Exception Attributes: array (
  'class' => 'JsController',
  'plugin' => NULL,
)
Request URL: /js/jquery.js
Stack Trace:
#0 /var/www/cakephp.local/app/webroot/index.php(108): Dispatcher->dispatch(Object(CakeRequest), Object(CakeResponse))
#1 {main}
2014-08-31 00:50:34 Error: [MissingControllerException] Controller class JsController could not be found.
Exception Attributes: array (
  'class' => 'JsController',
  'plugin' => NULL,
)
Request URL: /js/jquery.js
Stack Trace:
#0 /var/www/cakephp.local/app/webroot/index.php(108): Dispatcher->dispatch(Object(CakeRequest), Object(CakeResponse))
#1 {main}
2014-08-31 00:50:37 Error: [MissingControllerException] Controller class JsController could not be found.
Exception Attributes: array (
  'class' => 'JsController',
  'plugin' => NULL,
)
Request URL: /js/jquery.js
Stack Trace:
#0 /var/www/cakephp.local/app/webroot/index.php(108): Dispatcher->dispatch(Object(CakeRequest), Object(CakeResponse))
#1 {main}
2014-08-31 00:50:41 Error: [MissingControllerException] Controller class JsController could not be found.
Exception Attributes: array (
  'class' => 'JsController',
  'plugin' => NULL,
)
Request URL: /js/jquery.js
Stack Trace:
#0 /var/www/cakephp.local/app/webroot/index.php(108): Dispatcher->dispatch(Object(CakeRequest), Object(CakeResponse))
#1 {main}
2014-08-31 01:08:00 Error: [MissingControllerException] Controller class JsController could not be found.
Exception Attributes: array (
  'class' => 'JsController',
  'plugin' => NULL,
)
Request URL: /js/jquery.js
Stack Trace:
#0 /var/www/cakephp.local/app/webroot/index.php(108): Dispatcher->dispatch(Object(CakeRequest), Object(CakeResponse))
#1 {main}
2014-08-31 01:08:26 Error: [MissingControllerException] Controller class JsController could not be found.
Exception Attributes: array (
  'class' => 'JsController',
  'plugin' => NULL,
)
Request URL: /js/jquery.js
Stack Trace:
#0 /var/www/cakephp.local/app/webroot/index.php(108): Dispatcher->dispatch(Object(CakeRequest), Object(CakeResponse))
#1 {main}
2014-08-31 01:10:15 Error: [MissingControllerException] Controller class JsController could not be found.
Exception Attributes: array (
  'class' => 'JsController',
  'plugin' => NULL,
)
Request URL: /js/jquery.js
Stack Trace:
#0 /var/www/cakephp.local/app/webroot/index.php(108): Dispatcher->dispatch(Object(CakeRequest), Object(CakeResponse))
#1 {main}
2014-08-31 01:11:43 Error: [MissingControllerException] Controller class JsController could not be found.
Exception Attributes: array (
  'class' => 'JsController',
  'plugin' => NULL,
)
Request URL: /js/jquery.js
Stack Trace:
#0 /var/www/cakephp.local/app/webroot/index.php(108): Dispatcher->dispatch(Object(CakeRequest), Object(CakeResponse))
#1 {main}
2014-08-31 01:11:58 Error: [MissingControllerException] Controller class JsController could not be found.
Exception Attributes: array (
  'class' => 'JsController',
  'plugin' => NULL,
)
Request URL: /js/jquery.js
Stack Trace:
#0 /var/www/cakephp.local/app/webroot/index.php(108): Dispatcher->dispatch(Object(CakeRequest), Object(CakeResponse))
#1 {main}
2014-08-31 01:14:03 Error: [MissingControllerException] Controller class JsController could not be found.
Exception Attributes: array (
  'class' => 'JsController',
  'plugin' => NULL,
)
Request URL: /js/jquery.js
Stack Trace:
#0 /var/www/cakephp.local/app/webroot/index.php(108): Dispatcher->dispatch(Object(CakeRequest), Object(CakeResponse))
#1 {main}
2014-08-31 01:34:39 Error: [MissingControllerException] Controller class JsController could not be found.
Exception Attributes: array (
  'class' => 'JsController',
  'plugin' => NULL,
)
Request URL: /js/jquery.js
Stack Trace:
#0 /var/www/cakephp.local/app/webroot/index.php(108): Dispatcher->dispatch(Object(CakeRequest), Object(CakeResponse))
#1 {main}
